.Results generated by fwts: Version V22.03.00 (2022-03-17 06:10:44).

Some of this work - Copyright (c) 1999 - 2021, Intel Corp. All rights reserved.
Some of this work - Copyright (c) 2010 - 2021, Canonical.
Some of this work - Copyright (c) 2016 - 2021, IBM.
Some of this work - Copyright (c) 2017 - 2021, ARM Ltd.

This test run on 25/01/25 at 14:24:58 on host Linux christian-ws
6.8.0-51-generic #52~22.04.1-Ubuntu SMP PREEMPT_DYNAMIC Mon Dec 9 15:00:52 UTC 2
x86_64.

Command: "fwts ".
Running tests: bios_info version acpiinfo mtrr clog bmc_info klog olog oops
prd_info reserv_mem power_mgmt acpitables apicinstance asf aspt bert bgrt boot
autobrightness checksum cpep csrt cstates dbgp dbg2 acpi_ac acpi_battery
smart_battery acpi_ec acpi_pwrb acpi_slpb acpi_lid acpi_nvdimm acpi_als
acpi_time acpi_wpc dmar dppt drtm ecdt einj erst facs fadt fan fpdt gtdt hest
hpet hmat iort lpit madt mcfg mchi mpst msct msdm method nfit osilinux pcc pcct
pdtt phat pmtt pptt rasf rsdp rsdt sbst sdei sdev slic slit spcr spmi srat stao
tcpa tpm2 uefi uniqueid waet wakealarm wdat wmi wpbt wsmt xsdt xenv apicedge
bios32 ebda hda_audio interrupt mpcheck pciirq pnp smm virt maxfreq cpufreq nx
msr microcode dmicheck mtd_info aspm crs maxreadreq tpmevlog csm uefibootpath
mem_info cpu_info dt_base.

bios_info: Gather BIOS DMI information.
--------------------------------------------------------------------------------
Test 1 of 1: Gather BIOS DMI information
BIOS Vendor       : HP
BIOS Version      : P70 Ver. 01.49
BIOS Release Date : 12/08/2023
Board Name        : 8275
Board Version     : KBC Version 46.80
Board Asset Tag   : 
Chassis Type      : 10
Chassis Vendor    : HP
Chassis Version   : 
Chassic Asset Tag : 2TK82903HW
Product Name      : HP ZBook 15 G4
Product Version   : 
System Vendor     : HP

================================================================================
0 passed, 0 failed, 0 warning, 0 aborted, 0 skipped, 1 info only.
================================================================================

version: Gather kernel system information.
--------------------------------------------------------------------------------
Test 1 of 4: Gather kernel signature.
Signature: Ubuntu 6.8.0-51.52~22.04.1-generic 6.8.12

Test 2 of 4: Gather kernel system information.
Kernel Version: Linux version 6.8.0-51-generic (buildd@lcy02-amd64-057)
(x86_64-linux-gnu-gcc-12 (Ubuntu 12.3.0-1ubuntu1~22.04) 12.3.0, GNU ld (GNU
Binutils for Ubuntu) 2.38) #52~22.04.1-Ubuntu SMP PREEMPT_DYNAMIC Mon Dec 9 15
:00:52 UTC 2

Test 3 of 4: Gather kernel boot command line.
Kernel boot command line: BOOT_IMAGE=/boot/vmlinuz-6.8.0-51-generic
root=UUID=e781669a-9759-4cb0-9478-fd0b15265604 ro quiet splash vt.handoff=7

Test 4 of 4: Gather ACPI driver version.
ACPICA Version: 20230628

================================================================================
0 passed, 0 failed, 0 warning, 0 aborted, 0 skipped, 4 info only.
================================================================================

acpiinfo: General ACPI information test.
--------------------------------------------------------------------------------
Test 1 of 3: Determine Kernel ACPI version.
Kernel ACPICA driver version: 20230628, supports ACPI 6.4

Test 2 of 3: Determine machine's ACPI version.
Must be run as root or sudo to be able to read system information.

Test 3 of 3: Determine AML compiler.
Determine the compiler used to generate the ACPI AML in the DSDT and SSDT.

================================================================================
0 passed, 0 failed, 0 warning, 0 aborted, 0 skipped, 2 info only.
================================================================================

mtrr: MTRR tests.
--------------------------------------------------------------------------------
Must be run as root or sudo to be able to read system information.
Aborted test, insufficient privilege.
================================================================================
0 passed, 0 failed, 0 warning, 4 aborted, 0 skipped, 0 info only.
================================================================================

clog: Scan coreboot log for errors and warnings.
--------------------------------------------------------------------------------
coreboot log not available, skipping test
================================================================================
0 passed, 0 failed, 0 warning, 0 aborted, 1 skipped, 0 info only.
================================================================================

bmc_info: BMC Info
--------------------------------------------------------------------------------
Must be run as root or sudo to be able to read system information.
Aborted test, insufficient privilege.
================================================================================
0 passed, 0 failed, 0 warning, 1 aborted, 0 skipped, 0 info only.
================================================================================

klog: Scan kernel log for errors and warnings.
--------------------------------------------------------------------------------
Cannot read kernel log.
Aborted test, initialisation failed.
================================================================================
0 passed, 0 failed, 0 warning, 1 aborted, 0 skipped, 0 info only.
================================================================================

olog: Run OLOG scan and analysis checks.
--------------------------------------------------------------------------------
OLOG without any parameters on the platform you are running does nothing, please
specify -o for custom log analysis.
PPC supports dump and analysis of the default firmware logs.
================================================================================
0 passed, 0 failed, 0 warning, 0 aborted, 1 skipped, 0 info only.
================================================================================

oops: Scan kernel log for Oopses.
--------------------------------------------------------------------------------
Cannot read kernel log.
Aborted test, initialisation failed.
================================================================================
0 passed, 0 failed, 0 warning, 1 aborted, 0 skipped, 0 info only.
================================================================================

prd_info: OPAL Processor Recovery Diagnostics Info
--------------------------------------------------------------------------------
Must be run as root or sudo to be able to read system information.
Aborted test, insufficient privilege.
================================================================================
0 passed, 0 failed, 0 warning, 1 aborted, 0 skipped, 0 info only.
================================================================================

reserv_mem: OPAL Reserved memory DT Validation Test
--------------------------------------------------------------------------------
Must be run as root or sudo to be able to read system information.
Aborted test, insufficient privilege.
================================================================================
0 passed, 0 failed, 0 warning, 1 aborted, 0 skipped, 0 info only.
================================================================================

power_mgmt: OPAL Processor Power Management DT Validation Tests
--------------------------------------------------------------------------------
Must be run as root or sudo to be able to read system information.
Aborted test, insufficient privilege.
================================================================================
0 passed, 0 failed, 0 warning, 2 aborted, 0 skipped, 0 info only.
================================================================================

acpitables: ACPI table headers sanity tests.
--------------------------------------------------------------------------------
Test 1 of 2: Test ACPI headers.
ABORTED: Test 1, Cannot find any ACPI tables.

Test 2 of 2: Test ACPI spec versus table revisions.
Cannot read ACPI table FACP.
System supports ACPI 0000
This test does not support ACPI 0000.

================================================================================
0 passed, 0 failed, 0 warning, 1 aborted, 0 skipped, 0 info only.
================================================================================

apicinstance: Test for single instance of APIC/MADT table.
--------------------------------------------------------------------------------
Test 1 of 1: Test for single instance of APIC/MADT table.
PASSED: Test 1, Found 0 APIC/MADT table(s), as expected.

================================================================================
1 passed, 0 failed, 0 warning, 0 aborted, 0 skipped, 0 info only.
================================================================================

asf: ASF! Alert Standard Format Table test.
--------------------------------------------------------------------------------
Cannot read ACPI tables.
Aborted test, initialisation failed.
================================================================================
0 passed, 0 failed, 0 warning, 1 aborted, 0 skipped, 0 info only.
================================================================================

aspt: ASPT Table test.
--------------------------------------------------------------------------------
Cannot read ACPI tables.
Aborted test, initialisation failed.
================================================================================
0 passed, 0 failed, 0 warning, 1 aborted, 0 skipped, 0 info only.
================================================================================

bert: BERT Boot Error Record Table test.
--------------------------------------------------------------------------------
Cannot read ACPI tables.
Aborted test, initialisation failed.
================================================================================
0 passed, 0 failed, 0 warning, 1 aborted, 0 skipped, 0 info only.
================================================================================

bgrt: BGRT Boot Graphics Resource Table test.
--------------------------------------------------------------------------------
Cannot read ACPI tables.
Aborted test, initialisation failed.
================================================================================
0 passed, 0 failed, 0 warning, 1 aborted, 0 skipped, 0 info only.
================================================================================

boot: BOOT Table test.
--------------------------------------------------------------------------------
Cannot read ACPI tables.
Aborted test, initialisation failed.
================================================================================
0 passed, 0 failed, 0 warning, 1 aborted, 0 skipped, 0 info only.
================================================================================

autobrightness: Automated LCD brightness test.
--------------------------------------------------------------------------------
Test 1 of 2: Test for maximum and actual brightness.
PASSED: Test 1, Maximum brightness for intel_backlight is 7500 which is sane.
PASSED: Test 1, Actual brightness for intel_backlight is 3268 which is in range
0..7500.

Test 2 of 2: Change actual brightness.
FAILED [MEDIUM] BrightnessMismatch: Test 2, 7500 brightness levels did not match
the brightness level just set for backlight intel_backlight.
The failed brightness levels were: 0-3267 3269-7500.

================================================================================
2 passed, 1 failed, 0 warning, 0 aborted, 0 skipped, 0 info only.
================================================================================

checksum: ACPI table checksum test.
--------------------------------------------------------------------------------
Test 1 of 1: ACPI table checksum test.

================================================================================
0 passed, 0 failed, 0 warning, 0 aborted, 0 skipped, 0 info only.
================================================================================

cpep: CPEP Corrected Platform Error Polling Table test.
--------------------------------------------------------------------------------
Cannot read ACPI tables.
Aborted test, initialisation failed.
================================================================================
0 passed, 0 failed, 0 warning, 1 aborted, 0 skipped, 0 info only.
================================================================================

csrt: CSRT Core System Resource Table test.
--------------------------------------------------------------------------------
Cannot read ACPI tables.
Aborted test, initialisation failed.
================================================================================
0 passed, 0 failed, 0 warning, 1 aborted, 0 skipped, 0 info only.
================================================================================

cstates: Processor C state support test.
--------------------------------------------------------------------------------
Test 1 of 1: Test all CPUs C-states.
This test checks if all processors have the same number of C-states, if the
C-state counter works and if C-state transitions happen.
Can't use linux performance counters (perf), falling back to relative
measurements
Processor 7 has not reached C7 during tests. This is not a failure, however it
is not a complete and thorough test.
Processor 5 has not reached C7 during tests. This is not a failure, however it
is not a complete and thorough test.
PASSED: Test 1, Processor 5 has the same number of C-states as processor 7
Processor 3 has not reached C7 during tests. This is not a failure, however it
is not a complete and thorough test.
PASSED: Test 1, Processor 3 has the same number of C-states as processor 7
Processor 1 has not reached C7 during tests. This is not a failure, however it
is not a complete and thorough test.
PASSED: Test 1, Processor 1 has the same number of C-states as processor 7
PASSED: Test 1, Processor 6 has reached all C-states: C1 C3 C6 C7 C8 C9 C10 
PASSED: Test 1, Processor 6 has the same number of C-states as processor 7
Processor 4 has not reached C7 during tests. This is not a failure, however it
is not a complete and thorough test.
PASSED: Test 1, Processor 4 has the same number of C-states as processor 7
Processor 2 has not reached C7 during tests. This is not a failure, however it
is not a complete and thorough test.
PASSED: Test 1, Processor 2 has the same number of C-states as processor 7
Processor 0 has not reached C7 during tests. This is not a failure, however it
is not a complete and thorough test.
PASSED: Test 1, Processor 0 has the same number of C-states as processor 7

================================================================================
8 passed, 0 failed, 0 warning, 0 aborted, 0 skipped, 0 info only.
================================================================================

dbgp: DBGP (Debug Port) Table test.
--------------------------------------------------------------------------------
Cannot read ACPI tables.
Aborted test, initialisation failed.
================================================================================
0 passed, 0 failed, 0 warning, 1 aborted, 0 skipped, 0 info only.
================================================================================

dbg2: DBG2 (Debug Port Table 2) test.
--------------------------------------------------------------------------------
Cannot read ACPI tables.
Aborted test, initialisation failed.
================================================================================
0 passed, 0 failed, 0 warning, 2 aborted, 0 skipped, 0 info only.
================================================================================

acpi_ac: AC adapter device test
--------------------------------------------------------------------------------
Aborted test, initialisation failed.
================================================================================
0 passed, 0 failed, 0 warning, 16 aborted, 0 skipped, 0 info only.
================================================================================

acpi_battery: ACPI battery device test
--------------------------------------------------------------------------------
Aborted test, initialisation failed.
================================================================================
0 passed, 0 failed, 0 warning, 31 aborted, 0 skipped, 0 info only.
================================================================================

smart_battery: ACPI smart battery device test
--------------------------------------------------------------------------------
Aborted test, initialisation failed.
================================================================================
0 passed, 0 failed, 0 warning, 13 aborted, 0 skipped, 0 info only.
================================================================================

acpi_ec: ACPI embedded controller device test
--------------------------------------------------------------------------------
Aborted test, initialisation failed.
================================================================================
0 passed, 0 failed, 0 warning, 15 aborted, 0 skipped, 0 info only.
================================================================================

acpi_pwrb: Power button device test
--------------------------------------------------------------------------------
Aborted test, initialisation failed.
================================================================================
0 passed, 0 failed, 0 warning, 13 aborted, 0 skipped, 0 info only.
================================================================================

acpi_slpb: Sleep button device test
--------------------------------------------------------------------------------
Aborted test, initialisation failed.
================================================================================
0 passed, 0 failed, 0 warning, 12 aborted, 0 skipped, 0 info only.
================================================================================

acpi_lid: Lid device test
--------------------------------------------------------------------------------
Aborted test, initialisation failed.
================================================================================
0 passed, 0 failed, 0 warning, 15 aborted, 0 skipped, 0 info only.
================================================================================

acpi_nvdimm: NVDIMM device test
--------------------------------------------------------------------------------
Aborted test, initialisation failed.
================================================================================
0 passed, 0 failed, 0 warning, 6 aborted, 0 skipped, 0 info only.
================================================================================

acpi_als: Ambient light sensor device test
--------------------------------------------------------------------------------
Aborted test, initialisation failed.
================================================================================
0 passed, 0 failed, 0 warning, 17 aborted, 0 skipped, 0 info only.
================================================================================

acpi_time: Time and alarm device test
--------------------------------------------------------------------------------
Aborted test, initialisation failed.
================================================================================
0 passed, 0 failed, 0 warning, 21 aborted, 0 skipped, 0 info only.
================================================================================

acpi_wpc: Wireless power calibration device test
--------------------------------------------------------------------------------
Aborted test, initialisation failed.
================================================================================
0 passed, 0 failed, 0 warning, 14 aborted, 0 skipped, 0 info only.
================================================================================

dmar: DMA Remapping (VT-d) test.
--------------------------------------------------------------------------------
Must be run as root or sudo to be able to read system information.
Aborted test, insufficient privilege.
================================================================================
0 passed, 0 failed, 0 warning, 1 aborted, 0 skipped, 0 info only.
================================================================================

dppt: DPPT DMA Protection Policy Table test
--------------------------------------------------------------------------------
Cannot read ACPI tables.
Aborted test, initialisation failed.
================================================================================
0 passed, 0 failed, 0 warning, 1 aborted, 0 skipped, 0 info only.
================================================================================

drtm: DRTM D-RTM Resources Table test.
--------------------------------------------------------------------------------
Cannot read ACPI tables.
Aborted test, initialisation failed.
================================================================================
0 passed, 0 failed, 0 warning, 1 aborted, 0 skipped, 0 info only.
================================================================================

ecdt: ECDT Embedded Controller Boot Resources Table test.
--------------------------------------------------------------------------------
Cannot read ACPI tables.
Aborted test, initialisation failed.
================================================================================
0 passed, 0 failed, 0 warning, 1 aborted, 0 skipped, 0 info only.
================================================================================

einj: EINJ Error Injection Table test.
--------------------------------------------------------------------------------
Cannot read ACPI tables.
Aborted test, initialisation failed.
================================================================================
0 passed, 0 failed, 0 warning, 1 aborted, 0 skipped, 0 info only.
================================================================================

erst: ERST Error Record Serialization Table test.
--------------------------------------------------------------------------------
Cannot read ACPI tables.
Aborted test, initialisation failed.
================================================================================
0 passed, 0 failed, 0 warning, 1 aborted, 0 skipped, 0 info only.
================================================================================

facs: FACS Firmware ACPI Control Structure test.
--------------------------------------------------------------------------------
Cannot read ACPI tables.
Aborted test, initialisation failed.
================================================================================
0 passed, 0 failed, 0 warning, 1 aborted, 0 skipped, 0 info only.
================================================================================

fadt: FADT Fixed ACPI Description Table tests.
--------------------------------------------------------------------------------
Must be run as root or sudo to be able to read system information.
Aborted test, insufficient privilege.
================================================================================
0 passed, 0 failed, 0 warning, 6 aborted, 0 skipped, 0 info only.
================================================================================

fan: Simple fan tests.
--------------------------------------------------------------------------------
Test 1 of 2: Test fan status.
Test how many fans there are in the system. Check for the current status of the
fan(s).
PASSED: Test 1, Fan cooling_device1 of type Processor has max cooling state 10
and current cooling state 0.
PASSED: Test 1, Fan cooling_device8 of type iwlwifi has max cooling state 20 and
current cooling state 0.
PASSED: Test 1, Fan cooling_device6 of type Processor has max cooling state 10
and current cooling state 0.
PASSED: Test 1, Fan cooling_device4 of type Processor has max cooling state 10
and current cooling state 0.
PASSED: Test 1, Fan cooling_device2 of type Processor has max cooling state 10
and current cooling state 0.
PASSED: Test 1, Fan cooling_device0 of type Processor has max cooling state 10
and current cooling state 0.
PASSED: Test 1, Fan cooling_device10 of type TCC Offset has max cooling state 63
and current cooling state 1.
PASSED: Test 1, Fan cooling_device9 of type intel_powerclamp has max cooling
state 100 and current cooling state 0.
PASSED: Test 1, Fan cooling_device7 of type Processor has max cooling state 10
and current cooling state 0.
PASSED: Test 1, Fan cooling_device5 of type Processor has max cooling state 10
and current cooling state 0.
PASSED: Test 1, Fan cooling_device3 of type Processor has max cooling state 10
and current cooling state 0.

Test 2 of 2: Load system, check CPU fan status.
Test how many fans there are in the system. Check for the current status of the
fan(s).
Loading CPUs for 20 seconds to try and get fan speeds to change.
Fan cooling_device1 current state did not change from value 0 while CPUs were
busy.
Fan cooling_device6 current state did not change from value 0 while CPUs were
busy.
Fan cooling_device4 current state did not change from value 0 while CPUs were
busy.
Fan cooling_device2 current state did not change from value 0 while CPUs were
busy.
Fan cooling_device0 current state did not change from value 0 while CPUs were
busy.
Fan cooling_device7 current state did not change from value 0 while CPUs were
busy.
Fan cooling_device5 current state did not change from value 0 while CPUs were
busy.
Fan cooling_device3 current state did not change from value 0 while CPUs were
busy.

ADVICE: Did not detect any change in the CPU related thermal cooling device
states. It could be that the devices are returning static information back to
the driver and/or the fan speed is automatically being controlled by firmware
using System Management Mode in which case the kernel interfaces being examined
may not work anyway.


================================================================================
11 passed, 0 failed, 0 warning, 0 aborted, 0 skipped, 0 info only.
================================================================================

fpdt: FPDT Firmware Performance Data Table test.
--------------------------------------------------------------------------------
Cannot read ACPI tables.
Aborted test, initialisation failed.
================================================================================
0 passed, 0 failed, 0 warning, 1 aborted, 0 skipped, 0 info only.
================================================================================

gtdt: GTDT Generic Timer Description Table test.
--------------------------------------------------------------------------------
Cannot read ACPI tables.
Aborted test, initialisation failed.
================================================================================
0 passed, 0 failed, 0 warning, 1 aborted, 0 skipped, 0 info only.
================================================================================

hest: HEST Hardware Error Source Table test.
--------------------------------------------------------------------------------
Cannot read ACPI tables.
Aborted test, initialisation failed.
================================================================================
0 passed, 0 failed, 0 warning, 1 aborted, 0 skipped, 0 info only.
================================================================================

hpet: HPET IA-PC High Precision Event Timer Table tests.
--------------------------------------------------------------------------------
Must be run as root or sudo to be able to read system information.
Aborted test, insufficient privilege.
================================================================================
0 passed, 0 failed, 0 warning, 4 aborted, 0 skipped, 0 info only.
================================================================================

hmat: HMAT Heterogeneous Memory Attribute Table test.
--------------------------------------------------------------------------------
Cannot read ACPI tables.
Aborted test, initialisation failed.
================================================================================
0 passed, 0 failed, 0 warning, 1 aborted, 0 skipped, 0 info only.
================================================================================

iort: IORT IO Remapping Table test.
--------------------------------------------------------------------------------
Cannot read ACPI tables.
Aborted test, initialisation failed.
================================================================================
0 passed, 0 failed, 0 warning, 1 aborted, 0 skipped, 0 info only.
================================================================================

lpit: LPIT Low Power Idle Table test.
--------------------------------------------------------------------------------
Cannot read ACPI tables.
Aborted test, initialisation failed.
================================================================================
0 passed, 0 failed, 0 warning, 1 aborted, 0 skipped, 0 info only.
================================================================================

madt: MADT Multiple APIC Description Table (spec compliant).
--------------------------------------------------------------------------------
Cannot find ACPI MADT tables.
Aborted test, initialisation failed.
================================================================================
0 passed, 0 failed, 0 warning, 5 aborted, 0 skipped, 0 info only.
================================================================================

mcfg: MCFG PCI Express* memory mapped config space test.
--------------------------------------------------------------------------------
Must be run as root or sudo to be able to read system information.
Aborted test, insufficient privilege.
================================================================================
0 passed, 0 failed, 0 warning, 2 aborted, 0 skipped, 0 info only.
================================================================================

mchi: MCHI Management Controller Host Interface Table test.
--------------------------------------------------------------------------------
Cannot read ACPI tables.
Aborted test, initialisation failed.
================================================================================
0 passed, 0 failed, 0 warning, 1 aborted, 0 skipped, 0 info only.
================================================================================

mpst: MPST Memory Power State Table test.
--------------------------------------------------------------------------------
Cannot read ACPI tables.
Aborted test, initialisation failed.
================================================================================
0 passed, 0 failed, 0 warning, 1 aborted, 0 skipped, 0 info only.
================================================================================

msct: MSCT Maximum System Characteristics Table test.
--------------------------------------------------------------------------------
Cannot read ACPI tables.
Aborted test, initialisation failed.
================================================================================
0 passed, 0 failed, 0 warning, 1 aborted, 0 skipped, 0 info only.
================================================================================

msdm: MSDM Microsoft Data Management Table test.
--------------------------------------------------------------------------------
Cannot read ACPI tables.
Aborted test, initialisation failed.
================================================================================
0 passed, 0 failed, 0 warning, 1 aborted, 0 skipped, 0 info only.
================================================================================

method: ACPI DSDT Method Semantic tests.
--------------------------------------------------------------------------------
Cannot initialise ACPI.
Aborted test, initialisation failed.
================================================================================
0 passed, 0 failed, 0 warning, 207 aborted, 0 skipped, 0 info only.
================================================================================

nfit: NFIT NVDIMM Firmware Interface Table test.
--------------------------------------------------------------------------------
Cannot read ACPI tables.
Aborted test, initialisation failed.
================================================================================
0 passed, 0 failed, 0 warning, 1 aborted, 0 skipped, 0 info only.
================================================================================

osilinux: Disassemble DSDT to check for _OSI("Linux").
--------------------------------------------------------------------------------
Test 1 of 1: Disassemble DSDT to check for _OSI("Linux").
Cannot located DSDT.

================================================================================
0 passed, 0 failed, 0 warning, 0 aborted, 0 skipped, 0 info only.
================================================================================

pcc: Processor Clocking Control (PCC) test.
--------------------------------------------------------------------------------
Aborted test, initialisation failed.
================================================================================
0 passed, 0 failed, 0 warning, 1 aborted, 0 skipped, 0 info only.
================================================================================

pcct: PCCT Platform Communications Channel test.
--------------------------------------------------------------------------------
Cannot read ACPI tables.
Aborted test, initialisation failed.
================================================================================
0 passed, 0 failed, 0 warning, 1 aborted, 0 skipped, 0 info only.
================================================================================

pdtt: PDTT Platform Debug Trigger Table test.
--------------------------------------------------------------------------------
Cannot read ACPI tables.
Aborted test, initialisation failed.
================================================================================
0 passed, 0 failed, 0 warning, 1 aborted, 0 skipped, 0 info only.
================================================================================

phat: PHAT Platform Health Assessment Table test.
--------------------------------------------------------------------------------
Cannot read ACPI tables.
Aborted test, initialisation failed.
================================================================================
0 passed, 0 failed, 0 warning, 1 aborted, 0 skipped, 0 info only.
================================================================================

pmtt: PMTT Memory Topology Table test.
--------------------------------------------------------------------------------
Cannot read ACPI tables.
Aborted test, initialisation failed.
================================================================================
0 passed, 0 failed, 0 warning, 1 aborted, 0 skipped, 0 info only.
================================================================================

pptt: PPTT Processor Properties Topology Table test.
--------------------------------------------------------------------------------
Cannot read ACPI tables.
Aborted test, initialisation failed.
================================================================================
0 passed, 0 failed, 0 warning, 1 aborted, 0 skipped, 0 info only.
================================================================================

rasf: RASF RAS Feature Table test
--------------------------------------------------------------------------------
Cannot read ACPI tables.
Aborted test, initialisation failed.
================================================================================
0 passed, 0 failed, 0 warning, 1 aborted, 0 skipped, 0 info only.
================================================================================

rsdp: RSDP Root System Description Pointer test.
--------------------------------------------------------------------------------
Cannot read ACPI tables.
Aborted test, initialisation failed.
================================================================================
0 passed, 0 failed, 0 warning, 1 aborted, 0 skipped, 0 info only.
================================================================================

rsdt: RSDT Root System Description Table test.
--------------------------------------------------------------------------------
Cannot read ACPI tables.
Aborted test, initialisation failed.
================================================================================
0 passed, 0 failed, 0 warning, 1 aborted, 0 skipped, 0 info only.
================================================================================

sbst: SBST Smart Battery Specification Table test.
--------------------------------------------------------------------------------
Cannot read ACPI tables.
Aborted test, initialisation failed.
================================================================================
0 passed, 0 failed, 0 warning, 1 aborted, 0 skipped, 0 info only.
================================================================================

sdei: SDEI Software Delegated Exception Interface Table test
--------------------------------------------------------------------------------
Cannot read ACPI tables.
Aborted test, initialisation failed.
================================================================================
0 passed, 0 failed, 0 warning, 1 aborted, 0 skipped, 0 info only.
================================================================================

sdev: SDEV Secure Devices Table test
--------------------------------------------------------------------------------
Cannot read ACPI tables.
Aborted test, initialisation failed.
================================================================================
0 passed, 0 failed, 0 warning, 1 aborted, 0 skipped, 0 info only.
================================================================================

slic: SLIC Software Licensing Description Table test.
--------------------------------------------------------------------------------
Cannot read ACPI tables.
Aborted test, initialisation failed.
================================================================================
0 passed, 0 failed, 0 warning, 1 aborted, 0 skipped, 0 info only.
================================================================================

slit: SLIT System Locality Distance Information test.
--------------------------------------------------------------------------------
Cannot read ACPI tables.
Aborted test, initialisation failed.
================================================================================
0 passed, 0 failed, 0 warning, 1 aborted, 0 skipped, 0 info only.
================================================================================

spcr: SPCR Serial Port Console Redirection Table test.
--------------------------------------------------------------------------------
Cannot read ACPI tables.
Aborted test, initialisation failed.
================================================================================
0 passed, 0 failed, 0 warning, 3 aborted, 0 skipped, 0 info only.
================================================================================

spmi: SPMI Service Processor Management Interface Description Table test.
--------------------------------------------------------------------------------
Cannot read ACPI tables.
Aborted test, initialisation failed.
================================================================================
0 passed, 0 failed, 0 warning, 1 aborted, 0 skipped, 0 info only.
================================================================================

srat: SRAT System Resource Affinity Table test.
--------------------------------------------------------------------------------
Cannot read ACPI tables.
Aborted test, initialisation failed.
================================================================================
0 passed, 0 failed, 0 warning, 1 aborted, 0 skipped, 0 info only.
================================================================================

stao: STAO Status Override Table test.
--------------------------------------------------------------------------------
Cannot read ACPI tables.
Aborted test, initialisation failed.
================================================================================
0 passed, 0 failed, 0 warning, 1 aborted, 0 skipped, 0 info only.
================================================================================

tcpa: TCPA Trusted Computing Platform Alliance Capabilities Table test.
--------------------------------------------------------------------------------
Cannot read ACPI tables.
Aborted test, initialisation failed.
================================================================================
0 passed, 0 failed, 0 warning, 1 aborted, 0 skipped, 0 info only.
================================================================================

tpm2: TPM2 Trusted Platform Module 2 test.
--------------------------------------------------------------------------------
Cannot read ACPI tables.
Aborted test, initialisation failed.
================================================================================
0 passed, 0 failed, 0 warning, 1 aborted, 0 skipped, 0 info only.
================================================================================

uefi: UEFI Data Table test.
--------------------------------------------------------------------------------
Cannot read ACPI tables.
Aborted test, initialisation failed.
================================================================================
0 passed, 0 failed, 0 warning, 1 aborted, 0 skipped, 0 info only.
================================================================================

uniqueid: ACPI Unique IDs test.
--------------------------------------------------------------------------------
Cannot initialise ACPI.
Aborted test, initialisation failed.
================================================================================
0 passed, 0 failed, 0 warning, 2 aborted, 0 skipped, 0 info only.
================================================================================

waet: WAET Windows ACPI Emulated Devices Table test.
--------------------------------------------------------------------------------
Cannot read ACPI tables.
Aborted test, initialisation failed.
================================================================================
0 passed, 0 failed, 0 warning, 1 aborted, 0 skipped, 0 info only.
================================================================================

wakealarm: ACPI Wakealarm tests.
--------------------------------------------------------------------------------
Must be run as root or sudo to be able to read system information.
Aborted test, insufficient privilege.
================================================================================
0 passed, 0 failed, 0 warning, 5 aborted, 0 skipped, 0 info only.
================================================================================

wdat: WDAT Microsoft Hardware Watchdog Action Table test.
--------------------------------------------------------------------------------
Cannot read ACPI tables.
Aborted test, initialisation failed.
================================================================================
0 passed, 0 failed, 0 warning, 1 aborted, 0 skipped, 0 info only.
================================================================================

wmi: Extract and analyse Windows Management Instrumentation (WMI).
--------------------------------------------------------------------------------
Cannot initialise ACPI.
Aborted test, initialisation failed.
================================================================================
0 passed, 0 failed, 0 warning, 1 aborted, 0 skipped, 0 info only.
================================================================================

wpbt: WPBT Windows Platform Binary Table test.
--------------------------------------------------------------------------------
Cannot read ACPI tables.
Aborted test, initialisation failed.
================================================================================
0 passed, 0 failed, 0 warning, 1 aborted, 0 skipped, 0 info only.
================================================================================

wsmt: WSMT Windows SMM Security Mitigations Table test.
--------------------------------------------------------------------------------
Cannot read ACPI tables.
Aborted test, initialisation failed.
================================================================================
0 passed, 0 failed, 0 warning, 1 aborted, 0 skipped, 0 info only.
================================================================================

xsdt: XSDT Extended System Description Table test.
--------------------------------------------------------------------------------
Cannot read ACPI tables.
Aborted test, initialisation failed.
================================================================================
0 passed, 0 failed, 0 warning, 1 aborted, 0 skipped, 0 info only.
================================================================================

xenv: XENV Xen Environment Table tests.
--------------------------------------------------------------------------------
Cannot read ACPI tables.
Aborted test, initialisation failed.
================================================================================
0 passed, 0 failed, 0 warning, 1 aborted, 0 skipped, 0 info only.
================================================================================

apicedge: APIC edge/level test.
--------------------------------------------------------------------------------
Test 1 of 1: Legacy and PCI Interrupt Edge/Level trigger tests.
PASSED: Test 1, Legacy interrupts are edge and PCI interrupts are level
triggered.

================================================================================
1 passed, 0 failed, 0 warning, 0 aborted, 0 skipped, 0 info only.
================================================================================

bios32: BIOS32 Service Directory test.
--------------------------------------------------------------------------------
Must be run as root or sudo to be able to read system information.
Aborted test, insufficient privilege.
================================================================================
0 passed, 0 failed, 0 warning, 1 aborted, 0 skipped, 0 info only.
================================================================================

ebda: Test EBDA region is mapped and reserved in memory map table.
--------------------------------------------------------------------------------
Must be run as root or sudo to be able to read system information.
Aborted test, insufficient privilege.
================================================================================
0 passed, 0 failed, 0 warning, 1 aborted, 0 skipped, 0 info only.
================================================================================

hda_audio: HDA Audio Pin Configuration test.
--------------------------------------------------------------------------------
Test 1 of 1: HDA Audio Pin Configuration test.
Checking 'hwC1D0':
Vendor Name    : Conexant
Vendor ID      : 0x14f12008
Subsystem ID   : 0x103c82d4
Revision ID    : 0x100101
BIOS pin configurations:
  Pin  Setting
  0x0016 0x04211040
  0x0017 0x91170110
  0x0018 0x40f001f0
  0x0019 0x04a11030
  0x001a 0x95a60120
  0x001d 0x40f001f0
  0x001e 0x40f001f0
  0x001f 0x40f001f0
  0x0021 0x40f001f0
  0x0022 0x40f001f0
PASSED: Test 1, Default BIOS pin configurations did not have software override.

Checking 'hwC0D0':
Vendor Name    : Nvidia
Vendor ID      : 0x10de0072
Subsystem ID   : 0x0
Revision ID    : 0x100100
BIOS pin configurations:
  Pin  Setting
  0x0004 0x185600f0
  0x0005 0x185600f0
  0x0006 0x185600f0
  0x0007 0x185600f0
PASSED: Test 1, Default BIOS pin configurations did not have software override.


================================================================================
2 passed, 0 failed, 0 warning, 0 aborted, 0 skipped, 0 info only.
================================================================================

interrupt: Interrupt tests.
--------------------------------------------------------------------------------
Must be run as root or sudo to be able to read system information.
Aborted test, insufficient privilege.
================================================================================
0 passed, 0 failed, 0 warning, 1 aborted, 0 skipped, 0 info only.
================================================================================

mpcheck: MultiProcessor Tables tests.
--------------------------------------------------------------------------------
Must be run as root or sudo to be able to read system information.
Aborted test, insufficient privilege.
================================================================================
0 passed, 0 failed, 0 warning, 9 aborted, 0 skipped, 0 info only.
================================================================================

pciirq: PCI IRQ Routing Table test.
--------------------------------------------------------------------------------
Must be run as root or sudo to be able to read system information.
Aborted test, insufficient privilege.
================================================================================
0 passed, 0 failed, 0 warning, 1 aborted, 0 skipped, 0 info only.
================================================================================

pnp: BIOS Support Installation structure test.
--------------------------------------------------------------------------------
Must be run as root or sudo to be able to read system information.
Aborted test, insufficient privilege.
================================================================================
0 passed, 0 failed, 0 warning, 1 aborted, 0 skipped, 0 info only.
================================================================================

smm: SMM tests.
--------------------------------------------------------------------------------
Must be run as root or sudo to be able to read system information.
Aborted test, insufficient privilege.
================================================================================
0 passed, 0 failed, 0 warning, 1 aborted, 0 skipped, 0 info only.
================================================================================

virt: CPU Virtualisation Configuration test.
--------------------------------------------------------------------------------
Must be run as root or sudo to be able to read system information.
Aborted test, insufficient privilege.
================================================================================
0 passed, 0 failed, 0 warning, 1 aborted, 0 skipped, 0 info only.
================================================================================

maxfreq: Test max CPU frequencies against max scaling frequency.
--------------------------------------------------------------------------------
Test 1 of 1: Maximum CPU frequency test.
This test checks the maximum CPU frequency as detected by the kernel for each
CPU against maximum frequency as specified by the BIOS frequency scaling
settings.
PASSED: Test 1, 8 CPUs passed the maximum frequency check.

================================================================================
1 passed, 0 failed, 0 warning, 0 aborted, 0 skipped, 0 info only.
================================================================================

cpufreq: CPU frequency scaling tests.
--------------------------------------------------------------------------------
Must be run as root or sudo to be able to read system information.
Aborted test, insufficient privilege.
================================================================================
0 passed, 0 failed, 0 warning, 7 aborted, 0 skipped, 0 info only.
================================================================================

nx: Test if CPU NX is disabled by the BIOS.
--------------------------------------------------------------------------------
Must be run as root or sudo to be able to read system information.
Aborted test, insufficient privilege.
================================================================================
0 passed, 0 failed, 0 warning, 3 aborted, 0 skipped, 0 info only.
================================================================================

msr: MSR register tests.
--------------------------------------------------------------------------------
Must be run as root or sudo to be able to read system information.
Aborted test, insufficient privilege.
================================================================================
0 passed, 0 failed, 0 warning, 5 aborted, 0 skipped, 0 info only.
================================================================================

microcode: Test if system is using latest microcode.
--------------------------------------------------------------------------------
Must be run as root or sudo to be able to read system information.
Aborted test, insufficient privilege.
================================================================================
0 passed, 0 failed, 0 warning, 1 aborted, 0 skipped, 0 info only.
================================================================================

dmicheck: DMI/SMBIOS table tests.
--------------------------------------------------------------------------------
Must be run as root or sudo to be able to read system information.
Aborted test, insufficient privilege.
================================================================================
0 passed, 0 failed, 0 warning, 4 aborted, 0 skipped, 0 info only.
================================================================================

mtd_info: OPAL MTD Info
--------------------------------------------------------------------------------
Must be run as root or sudo to be able to read system information.
Aborted test, insufficient privilege.
================================================================================
0 passed, 0 failed, 0 warning, 1 aborted, 0 skipped, 0 info only.
================================================================================

aspm: PCIe ASPM test.
--------------------------------------------------------------------------------
Must be run as root or sudo to be able to read system information.
Aborted test, insufficient privilege.
================================================================================
0 passed, 0 failed, 0 warning, 2 aborted, 0 skipped, 0 info only.
================================================================================

crs: Test PCI host bridge configuration using _CRS.
--------------------------------------------------------------------------------
Must be run as root or sudo to be able to read system information.
Aborted test, insufficient privilege.
================================================================================
0 passed, 0 failed, 0 warning, 1 aborted, 0 skipped, 0 info only.
================================================================================

maxreadreq: Test firmware has set PCI Express MaxReadReq to a higher value on
non-motherboard devices.
--------------------------------------------------------------------------------
Must be run as root or sudo to be able to read system information.
Aborted test, insufficient privilege.
================================================================================
0 passed, 0 failed, 0 warning, 1 aborted, 0 skipped, 0 info only.
================================================================================

tpmevlog: Sanity check TPM event log.
--------------------------------------------------------------------------------
Must be run as root or sudo to be able to read system information.
Aborted test, insufficient privilege.
================================================================================
0 passed, 0 failed, 0 warning, 1 aborted, 0 skipped, 0 info only.
================================================================================

csm: UEFI Compatibility Support Module test.
--------------------------------------------------------------------------------
Must be run as root or sudo to be able to read system information.
Aborted test, insufficient privilege.
================================================================================
0 passed, 0 failed, 0 warning, 1 aborted, 0 skipped, 0 info only.
================================================================================

uefibootpath: Sanity check for UEFI Boot Path Boot####.
--------------------------------------------------------------------------------
Must be run as root or sudo to be able to read system information.
Aborted test, insufficient privilege.
================================================================================
0 passed, 0 failed, 0 warning, 1 aborted, 0 skipped, 0 info only.
================================================================================

mem_info: OPAL MEM Info
--------------------------------------------------------------------------------
Must be run as root or sudo to be able to read system information.
Aborted test, insufficient privilege.
================================================================================
0 passed, 0 failed, 0 warning, 1 aborted, 0 skipped, 0 info only.
================================================================================

cpu_info: OPAL CPU Info
--------------------------------------------------------------------------------
Must be run as root or sudo to be able to read system information.
Aborted test, insufficient privilege.
================================================================================
0 passed, 0 failed, 0 warning, 1 aborted, 0 skipped, 0 info only.
================================================================================

dt_base: Base device tree validity check
--------------------------------------------------------------------------------
Test skipped, missing features: devicetree
================================================================================
0 passed, 0 failed, 0 warning, 0 aborted, 3 skipped, 0 info only.
================================================================================


26 passed, 1 failed, 0 warning, 520 aborted, 5 skipped, 7 info only.

Test Failure Summary
================================================================================

Critical failures: NONE

High failures: NONE

Medium failures: 1
 autobrightness: 7500 brightness levels did not match the brightness level just set for backlight intel_backlight.

Low failures: NONE

Other failures: NONE

Test           |Pass |Fail |Abort|Warn |Skip |Info |
---------------+-----+-----+-----+-----+-----+-----+
acpi_ac        |     |     |   16|     |     |     |
acpi_als       |     |     |   17|     |     |     |
acpi_battery   |     |     |   31|     |     |     |
acpi_ec        |     |     |   15|     |     |     |
acpi_lid       |     |     |   15|     |     |     |
acpi_nvdimm    |     |     |    6|     |     |     |
acpi_pwrb      |     |     |   13|     |     |     |
acpi_slpb      |     |     |   12|     |     |     |
acpi_time      |     |     |   21|     |     |     |
acpi_wpc       |     |     |   14|     |     |     |
acpiinfo       |     |     |     |     |     |    2|
acpitables     |     |     |    1|     |     |     |
apicedge       |    1|     |     |     |     |     |
apicinstance   |    1|     |     |     |     |     |
asf            |     |     |    1|     |     |     |
aspm           |     |     |    2|     |     |     |
aspt           |     |     |    1|     |     |     |
autobrightness |    2|    1|     |     |     |     |
bert           |     |     |    1|     |     |     |
bgrt           |     |     |    1|     |     |     |
bios32         |     |     |    1|     |     |     |
bios_info      |     |     |     |     |     |    1|
bmc_info       |     |     |    1|     |     |     |
boot           |     |     |    1|     |     |     |
checksum       |     |     |     |     |     |     |
clog           |     |     |     |     |    1|     |
cpep           |     |     |    1|     |     |     |
cpu_info       |     |     |    1|     |     |     |
cpufreq        |     |     |    7|     |     |     |
crs            |     |     |    1|     |     |     |
csm            |     |     |    1|     |     |     |
csrt           |     |     |    1|     |     |     |
cstates        |    8|     |     |     |     |     |
dbg2           |     |     |    2|     |     |     |
dbgp           |     |     |    1|     |     |     |
dmar           |     |     |    1|     |     |     |
dmicheck       |     |     |    4|     |     |     |
dppt           |     |     |    1|     |     |     |
drtm           |     |     |    1|     |     |     |
dt_base        |     |     |     |     |    3|     |
ebda           |     |     |    1|     |     |     |
ecdt           |     |     |    1|     |     |     |
einj           |     |     |    1|     |     |     |
erst           |     |     |    1|     |     |     |
facs           |     |     |    1|     |     |     |
fadt           |     |     |    6|     |     |     |
fan            |   11|     |     |     |     |     |
fpdt           |     |     |    1|     |     |     |
gtdt           |     |     |    1|     |     |     |
hda_audio      |    2|     |     |     |     |     |
hest           |     |     |    1|     |     |     |
hmat           |     |     |    1|     |     |     |
hpet           |     |     |    4|     |     |     |
interrupt      |     |     |    1|     |     |     |
iort           |     |     |    1|     |     |     |
klog           |     |     |    1|     |     |     |
lpit           |     |     |    1|     |     |     |
madt           |     |     |    5|     |     |     |
maxfreq        |    1|     |     |     |     |     |
maxreadreq     |     |     |    1|     |     |     |
mcfg           |     |     |    2|     |     |     |
mchi           |     |     |    1|     |     |     |
mem_info       |     |     |    1|     |     |     |
method         |     |     |  207|     |     |     |
microcode      |     |     |    1|     |     |     |
mpcheck        |     |     |    9|     |     |     |
mpst           |     |     |    1|     |     |     |
msct           |     |     |    1|     |     |     |
msdm           |     |     |    1|     |     |     |
msr            |     |     |    5|     |     |     |
mtd_info       |     |     |    1|     |     |     |
mtrr           |     |     |    4|     |     |     |
nfit           |     |     |    1|     |     |     |
nx             |     |     |    3|     |     |     |
olog           |     |     |     |     |    1|     |
oops           |     |     |    1|     |     |     |
osilinux       |     |     |     |     |     |     |
pcc            |     |     |    1|     |     |     |
pcct           |     |     |    1|     |     |     |
pciirq         |     |     |    1|     |     |     |
pdtt           |     |     |    1|     |     |     |
phat           |     |     |    1|     |     |     |
pmtt           |     |     |    1|     |     |     |
pnp            |     |     |    1|     |     |     |
power_mgmt     |     |     |    2|     |     |     |
pptt           |     |     |    1|     |     |     |
prd_info       |     |     |    1|     |     |     |
rasf           |     |     |    1|     |     |     |
reserv_mem     |     |     |    1|     |     |     |
rsdp           |     |     |    1|     |     |     |
rsdt           |     |     |    1|     |     |     |
sbst           |     |     |    1|     |     |     |
sdei           |     |     |    1|     |     |     |
sdev           |     |     |    1|     |     |     |
slic           |     |     |    1|     |     |     |
slit           |     |     |    1|     |     |     |
smart_battery  |     |     |   13|     |     |     |
smm            |     |     |    1|     |     |     |
spcr           |     |     |    3|     |     |     |
spmi           |     |     |    1|     |     |     |
srat           |     |     |    1|     |     |     |
stao           |     |     |    1|     |     |     |
tcpa           |     |     |    1|     |     |     |
tpm2           |     |     |    1|     |     |     |
tpmevlog       |     |     |    1|     |     |     |
uefi           |     |     |    1|     |     |     |
uefibootpath   |     |     |    1|     |     |     |
uniqueid       |     |     |    2|     |     |     |
version        |     |     |     |     |     |    4|
virt           |     |     |    1|     |     |     |
waet           |     |     |    1|     |     |     |
wakealarm      |     |     |    5|     |     |     |
wdat           |     |     |    1|     |     |     |
wmi            |     |     |    1|     |     |     |
wpbt           |     |     |    1|     |     |     |
wsmt           |     |     |    1|     |     |     |
xenv           |     |     |    1|     |     |     |
xsdt           |     |     |    1|     |     |     |
---------------+-----+-----+-----+-----+-----+-----+
Total:         |   26|    1|  520|    0|    5|    7|
---------------+-----+-----+-----+-----+-----+-----+
Results generated by fwts: Version V22.03.00 (2022-03-17 06:10:44).

Some of this work - Copyright (c) 1999 - 2021, Intel Corp. All rights reserved.
Some of this work - Copyright (c) 2010 - 2021, Canonical.
Some of this work - Copyright (c) 2016 - 2021, IBM.
Some of this work - Copyright (c) 2017 - 2021, ARM Ltd.

This test run on 25/01/25 at 14:27:59 on host Linux christian-ws
6.8.0-51-generic #52~22.04.1-Ubuntu SMP PREEMPT_DYNAMIC Mon Dec 9 15:00:52 UTC 2
x86_64.

Command: "fwts fan".
Running tests: fan.

fan: Simple fan tests.
--------------------------------------------------------------------------------
Test 1 of 2: Test fan status.
Test how many fans there are in the system. Check for the current status of the
fan(s).
PASSED: Test 1, Fan cooling_device1 of type Processor has max cooling state 10
and current cooling state 0.
PASSED: Test 1, Fan cooling_device8 of type iwlwifi has max cooling state 20 and
current cooling state 0.
PASSED: Test 1, Fan cooling_device6 of type Processor has max cooling state 10
and current cooling state 0.
PASSED: Test 1, Fan cooling_device4 of type Processor has max cooling state 10
and current cooling state 0.
PASSED: Test 1, Fan cooling_device2 of type Processor has max cooling state 10
and current cooling state 0.
PASSED: Test 1, Fan cooling_device0 of type Processor has max cooling state 10
and current cooling state 0.
PASSED: Test 1, Fan cooling_device10 of type TCC Offset has max cooling state 63
and current cooling state 1.
PASSED: Test 1, Fan cooling_device9 of type intel_powerclamp has max cooling
state 100 and current cooling state 0.
PASSED: Test 1, Fan cooling_device7 of type Processor has max cooling state 10
and current cooling state 0.
PASSED: Test 1, Fan cooling_device5 of type Processor has max cooling state 10
and current cooling state 0.
PASSED: Test 1, Fan cooling_device3 of type Processor has max cooling state 10
and current cooling state 0.

Test 2 of 2: Load system, check CPU fan status.
Test how many fans there are in the system. Check for the current status of the
fan(s).
Loading CPUs for 20 seconds to try and get fan speeds to change.
Fan cooling_device1 current state did not change from value 0 while CPUs were
busy.
Fan cooling_device6 current state did not change from value 0 while CPUs were
busy.
Fan cooling_device4 current state did not change from value 0 while CPUs were
busy.
Fan cooling_device2 current state did not change from value 0 while CPUs were
busy.
Fan cooling_device0 current state did not change from value 0 while CPUs were
busy.
Fan cooling_device7 current state did not change from value 0 while CPUs were
busy.
Fan cooling_device5 current state did not change from value 0 while CPUs were
busy.
Fan cooling_device3 current state did not change from value 0 while CPUs were
busy.

ADVICE: Did not detect any change in the CPU related thermal cooling device
states. It could be that the devices are returning static information back to
the driver and/or the fan speed is automatically being controlled by firmware
using System Management Mode in which case the kernel interfaces being examined
may not work anyway.


================================================================================
11 passed, 0 failed, 0 warning, 0 aborted, 0 skipped, 0 info only.
================================================================================


11 passed, 0 failed, 0 warning, 0 aborted, 0 skipped, 0 info only.

Test Failure Summary
================================================================================

Critical failures: NONE

High failures: NONE

Medium failures: NONE

Low failures: NONE

Other failures: NONE

Test           |Pass |Fail |Abort|Warn |Skip |Info |
---------------+-----+-----+-----+-----+-----+-----+
fan            |   11|     |     |     |     |     |
---------------+-----+-----+-----+-----+-----+-----+
Total:         |   11|    0|    0|    0|    0|    0|
---------------+-----+-----+-----+-----+-----+-----+
Results generated by fwts: Version V22.03.00 (2022-03-17 06:10:44).

Some of this work - Copyright (c) 1999 - 2021, Intel Corp. All rights reserved.
Some of this work - Copyright (c) 2010 - 2021, Canonical.
Some of this work - Copyright (c) 2016 - 2021, IBM.
Some of this work - Copyright (c) 2017 - 2021, ARM Ltd.

This test run on 28/01/25 at 16:33:51 on host Linux christian-ws
6.8.0-51-generic #52~22.04.1-Ubuntu SMP PREEMPT_DYNAMIC Mon Dec 9 15:00:52 UTC 2
x86_64.

Command: "fwts fan".
Running tests: fan.

fan: Simple fan tests.
--------------------------------------------------------------------------------
Test 1 of 2: Test fan status.
Test how many fans there are in the system. Check for the current status of the
fan(s).
PASSED: Test 1, Fan cooling_device1 of type Processor has max cooling state 10
and current cooling state 0.
PASSED: Test 1, Fan cooling_device8 of type iwlwifi has max cooling state 20 and
current cooling state 0.
PASSED: Test 1, Fan cooling_device6 of type Processor has max cooling state 10
and current cooling state 0.
PASSED: Test 1, Fan cooling_device4 of type Processor has max cooling state 10
and current cooling state 0.
PASSED: Test 1, Fan cooling_device2 of type Processor has max cooling state 10
and current cooling state 0.
PASSED: Test 1, Fan cooling_device0 of type Processor has max cooling state 10
and current cooling state 0.
PASSED: Test 1, Fan cooling_device10 of type TCC Offset has max cooling state 63
and current cooling state 1.
PASSED: Test 1, Fan cooling_device9 of type intel_powerclamp has max cooling
state 100 and current cooling state 0.
PASSED: Test 1, Fan cooling_device7 of type Processor has max cooling state 10
and current cooling state 0.
PASSED: Test 1, Fan cooling_device5 of type Processor has max cooling state 10
and current cooling state 0.
PASSED: Test 1, Fan cooling_device3 of type Processor has max cooling state 10
and current cooling state 0.

Test 2 of 2: Load system, check CPU fan status.
Test how many fans there are in the system. Check for the current status of the
fan(s).
Loading CPUs for 20 seconds to try and get fan speeds to change.
Fan cooling_device1 current state did not change from value 0 while CPUs were
busy.
Fan cooling_device6 current state did not change from value 0 while CPUs were
busy.
Fan cooling_device4 current state did not change from value 0 while CPUs were
busy.
Fan cooling_device2 current state did not change from value 0 while CPUs were
busy.
Fan cooling_device0 current state did not change from value 0 while CPUs were
busy.
Fan cooling_device7 current state did not change from value 0 while CPUs were
busy.
Fan cooling_device5 current state did not change from value 0 while CPUs were
busy.
Fan cooling_device3 current state did not change from value 0 while CPUs were
busy.

ADVICE: Did not detect any change in the CPU related thermal cooling device
states. It could be that the devices are returning static information back to
the driver and/or the fan speed is automatically being controlled by firmware
using System Management Mode in which case the kernel interfaces being examined
may not work anyway.


================================================================================
11 passed, 0 failed, 0 warning, 0 aborted, 0 skipped, 0 info only.
================================================================================


11 passed, 0 failed, 0 warning, 0 aborted, 0 skipped, 0 info only.

Test Failure Summary
================================================================================

Critical failures: NONE

High failures: NONE

Medium failures: NONE

Low failures: NONE

Other failures: NONE

Test           |Pass |Fail |Abort|Warn |Skip |Info |
---------------+-----+-----+-----+-----+-----+-----+
fan            |   11|     |     |     |     |     |
---------------+-----+-----+-----+-----+-----+-----+
Total:         |   11|    0|    0|    0|    0|    0|
---------------+-----+-----+-----+-----+-----+-----+
